2024-12-17 14:22:57,717 - Iniciando sincronización de nuevos registros...
2024-12-17 14:22:58,841 - Última fecha sincronizada: 2024-12-10 12:34:56 | No hay nuevos registros para sincronizar.
2024-12-17 14:24:32,299 - Iniciando sincronización de nuevos registros...
2024-12-17 14:24:33,496 - Última fecha sincronizada: 2024-12-10 12:34:56 | Nuevos registros encontrados: 1
2024-12-17 14:24:33,579 - Registro 1 sincronizado: (datetime.datetime(2024, 12, 11, 10, 15), '123456789', '1234', '5678', 'from-internal', 'SIP/1234-00000001', 'SIP/5678-00000002', 'Dial', 'SIP/5678,,H', 120, 90, 'ANSWERED', 3, 'test_account', '123456789.0003', '', '555', 'recording-1234.wav', '1234', 'John Doe', '', '', '', '123456789.0001', '', 1)
2024-12-17 14:24:33,688 - Sincronización completada exitosamente.
2024-12-17 14:31:57,609 - Iniciando sincronización de nuevos registros...
2024-12-17 14:31:58,603 - Última fecha sincronizada: 2024-12-11 10:15:00 | No hay nuevos registros para sincronizar.
2024-12-17 14:53:52,452 - Iniciando sincronización de nuevos registros...
2024-12-17 14:53:53,762 - No se requiere limpieza de registros.
2024-12-17 14:53:53,850 - Última fecha sincronizada: 2024-12-11 10:15:00 | No hay nuevos registros para sincronizar.
2024-12-17 15:00:58,466 - Iniciando sincronización de nuevos registros...
2024-12-17 15:01:00,182 - No hay nuevos registros para sincronizar.
2024-12-17 15:05:10,010 - Iniciando sincronización de nuevos registros...
2024-12-17 15:05:11,478 - Última fecha sincronizada: 2024-12-11 10:15:00 | No hay nuevos registros para sincronizar.
2024-12-17 15:09:19,256 - Iniciando sincronización de nuevos registros...
2024-12-17 15:09:20,719 - Última fecha sincronizada: 2024-12-11 10:15:00 | No hay nuevos registros para sincronizar.
2024-12-17 15:39:48,955 - Iniciando sincronización de nuevos registros...
2024-12-17 15:39:50,743 - Última fecha sincronizada: 2024-12-10 12:34:56 | No hay nuevos registros para sincronizar.
2024-12-17 16:46:58,825 - Iniciando sincronización de nuevos registros...
2024-12-17 16:47:00,301 - Última fecha sincronizada: 2024-12-10 12:34:56 | No hay nuevos registros para sincronizar.
2024-12-17 16:58:08,447 - Iniciando sincronización de nuevos registros...
2024-12-17 16:58:09,835 - Última fecha sincronizada: 2024-12-10 12:34:56 | No hay nuevos registros para sincronizar.
2024-12-17 17:01:21,973 - Iniciando sincronización de nuevos registros...
2024-12-17 17:01:23,242 - Última fecha sincronizada: 2024-12-10 12:34:56 | No hay nuevos registros para sincronizar.
2024-12-17 17:02:48,067 - Iniciando sincronización de nuevos registros...
2024-12-17 17:02:49,414 - Última fecha sincronizada: 2024-12-10 12:34:56 | No hay nuevos registros para sincronizar.
2024-12-17 17:04:53,293 - Iniciando sincronización de nuevos registros...
2024-12-17 17:04:54,447 - Última fecha sincronizada: 2024-12-10 12:34:56 | No hay nuevos registros para sincronizar.
2024-12-17 17:06:49,057 - Iniciando sincronización de nuevos registros...
2024-12-17 17:06:50,386 - Última fecha sincronizada: 2024-12-10 12:34:56 | No hay nuevos registros para sincronizar.
2024-12-17 17:08:22,476 - Iniciando sincronización de nuevos registros...
2024-12-17 17:08:24,658 - Última fecha sincronizada: 2024-12-10 12:34:56 | No hay nuevos registros para sincronizar.
2024-12-17 17:11:59,544 - Iniciando sincronización de nuevos registros...
2024-12-17 17:12:00,742 - Última fecha en Azure: 2024-12-10 12:34:56, Último uniqueid: 1732811296.21980
2024-12-17 17:12:00,743 - Error en la sincronización: Not enough parameters for the SQL statement
2024-12-17 17:15:36,680 - Iniciando sincronización de nuevos registros...
2024-12-17 17:15:37,880 - Última fecha sincronizada: 2024-12-10 12:34:56, Último uniqueid: 1732811296.21980
2024-12-17 17:15:37,881 - No hay nuevos registros para sincronizar.
2024-12-17 17:18:33,550 - Iniciando sincronización de nuevos registros...
2024-12-17 17:18:34,884 - Última fecha sincronizada: 2024-12-10 12:34:56 | Nuevos registros encontrados: 1
2024-12-17 17:18:34,968 - Registro 1 sincronizado.
2024-12-17 17:18:35,070 - Sincronización completada exitosamente.
2024-12-17 17:20:07,221 - Iniciando sincronización de nuevos registros...
2024-12-17 17:20:08,576 - Última fecha sincronizada: 2024-12-11 10:15:00 | No hay nuevos registros para sincronizar.
2024-12-17 17:42:17,187 - Iniciando sincronización de nuevos registros...
2024-12-17 17:42:18,377 - Última fecha sincronizada: 2024-12-10 12:34:56 | No hay nuevos registros para sincronizar.
